<?xml version="1.0" encoding="UTF-8"?>
<coverage generated="1615738416853" clover="3.2.0">
  <project timestamp="1615738416853" name="All files">
    <metrics statements="123" coveredstatements="111" conditionals="62" coveredconditionals="58" methods="63" coveredmethods="46" elements="248" coveredelements="215" complexity="0" loc="123" ncloc="123" packages="5" files="16" classes="16"/>
    <package name="actions">
      <metrics statements="15" coveredstatements="15" conditionals="7" coveredconditionals="6" methods="8" coveredmethods="8"/>
      <file name="expenses.js" path="C:\Users\sachi\Documents\UI Projects\expensify-app\src\actions\expenses.js">
        <metrics statements="5" coveredstatements="5" conditionals="6" coveredconditionals="5" methods="3" coveredmethods="3"/>
        <line num="4" count="3" type="stmt"/>
        <line num="9" count="2" type="stmt"/>
        <line num="22" count="3" type="cond" truecount="0" falsecount="1"/>
        <line num="28" count="3" type="stmt"/>
        <line num="29" count="1" type="stmt"/>
      </file>
      <file name="filters.js" path="C:\Users\sachi\Documents\UI Projects\expensify-app\src\actions\filters.js">
        <metrics statements="10" coveredstatements="10" conditionals="1" coveredconditionals="1" methods="5" coveredmethods="5"/>
        <line num="2" count="3" type="cond" truecount="1" falsecount="0"/>
        <line num="3" count="2" type="stmt"/>
        <line num="9" count="3" type="stmt"/>
        <line num="10" count="1" type="stmt"/>
        <line num="16" count="3" type="stmt"/>
        <line num="17" count="1" type="stmt"/>
        <line num="23" count="3" type="stmt"/>
        <line num="24" count="1" type="stmt"/>
        <line num="31" count="3" type="stmt"/>
        <line num="32" count="1" type="stmt"/>
      </file>
    </package>
    <package name="components">
      <metrics statements="79" coveredstatements="67" conditionals="26" coveredconditionals="24" methods="48" coveredmethods="31"/>
      <file name="AddExpensePage.js" path="C:\Users\sachi\Documents\UI Projects\expensify-app\src\components\AddExpensePage.js">
        <metrics statements="6" coveredstatements="5" conditionals="0" coveredconditionals="0" methods="4" coveredmethods="2"/>
        <line num="7" count="2" type="stmt"/>
        <line num="8" count="1" type="stmt"/>
        <line num="9" count="1" type="stmt"/>
        <line num="12" count="2" type="stmt"/>
        <line num="21" count="1" type="stmt"/>
        <line num="22" count="0" type="stmt"/>
      </file>
      <file name="EditExpensePage.js" path="C:\Users\sachi\Documents\UI Projects\expensify-app\src\components\EditExpensePage.js">
        <metrics statements="13" coveredstatements="10" conditionals="0" coveredconditionals="0" methods="8" coveredmethods="3"/>
        <line num="7" count="3" type="stmt"/>
        <line num="8" count="1" type="stmt"/>
        <line num="9" count="1" type="stmt"/>
        <line num="10" count="1" type="stmt"/>
        <line num="12" count="3" type="stmt"/>
        <line num="13" count="1" type="stmt"/>
        <line num="14" count="1" type="stmt"/>
        <line num="17" count="3" type="stmt"/>
        <line num="29" count="1" type="stmt"/>
        <line num="30" count="0" type="stmt"/>
        <line num="33" count="1" type="stmt"/>
        <line num="34" count="0" type="stmt"/>
        <line num="35" count="0" type="stmt"/>
      </file>
      <file name="ExpenseDashboardPage.js" path="C:\Users\sachi\Documents\UI Projects\expensify-app\src\components\ExpenseDashboardPage.js">
        <metrics statements="2" coveredstatements="2" conditionals="0" coveredconditionals="0" methods="1" coveredmethods="1"/>
        <line num="5" count="1" type="stmt"/>
        <line num="6" count="1" type="stmt"/>
      </file>
      <file name="ExpenseForm.js" path="C:\Users\sachi\Documents\UI Projects\expensify-app\src\components\ExpenseForm.js">
        <metrics statements="24" coveredstatements="23" conditionals="20" coveredconditionals="19" methods="15" coveredmethods="14"/>
        <line num="7" count="10" type="stmt"/>
        <line num="9" count="10" type="stmt"/>
        <line num="19" count="10" type="stmt"/>
        <line num="20" count="1" type="stmt"/>
        <line num="21" count="1" type="stmt"/>
        <line num="24" count="10" type="stmt"/>
        <line num="25" count="1" type="stmt"/>
        <line num="26" count="1" type="stmt"/>
        <line num="29" count="10" type="stmt"/>
        <line num="30" count="2" type="stmt"/>
        <line num="31" count="2" type="cond" truecount="4" falsecount="0"/>
        <line num="32" count="1" type="stmt"/>
        <line num="36" count="10" type="stmt"/>
        <line num="37" count="1" type="cond" truecount="1" falsecount="1"/>
        <line num="38" count="1" type="stmt"/>
        <line num="42" count="10" type="stmt"/>
        <line num="44" count="10" type="stmt"/>
        <line num="45" count="2" type="stmt"/>
        <line num="46" count="2" type="cond" truecount="4" falsecount="0"/>
        <line num="47" count="1" type="stmt"/>
        <line num="49" count="1" type="stmt"/>
        <line num="50" count="1" type="stmt"/>
        <line num="60" count="17" type="stmt"/>
        <line num="83" count="0" type="stmt"/>
      </file>
      <file name="ExpenseList.js" path="C:\Users\sachi\Documents\UI Projects\expensify-app\src\components\ExpenseList.js">
        <metrics statements="5" coveredstatements="4" conditionals="2" coveredconditionals="2" methods="3" coveredmethods="2"/>
        <line num="6" count="2" type="stmt"/>
        <line num="7" count="2" type="stmt"/>
        <line num="14" count="3" type="stmt"/>
        <line num="21" count="2" type="stmt"/>
        <line num="22" count="0" type="stmt"/>
      </file>
      <file name="ExpenseListFilters.js" path="C:\Users\sachi\Documents\UI Projects\expensify-app\src\components\ExpenseListFilters.js">
        <metrics statements="23" coveredstatements="17" conditionals="4" coveredconditionals="3" methods="14" coveredmethods="6"/>
        <line num="8" count="7" type="stmt"/>
        <line num="12" count="7" type="stmt"/>
        <line num="13" count="1" type="stmt"/>
        <line num="14" count="1" type="stmt"/>
        <line num="17" count="7" type="stmt"/>
        <line num="18" count="1" type="stmt"/>
        <line num="21" count="7" type="stmt"/>
        <line num="22" count="1" type="stmt"/>
        <line num="24" count="7" type="stmt"/>
        <line num="25" count="2" type="stmt"/>
        <line num="26" count="2" type="cond" truecount="2" falsecount="0"/>
        <line num="27" count="1" type="stmt"/>
        <line num="28" count="1" type="cond" truecount="1" falsecount="1"/>
        <line num="29" count="1" type="stmt"/>
        <line num="34" count="10" type="stmt"/>
        <line num="51" count="0" type="stmt"/>
        <line num="58" count="2" type="stmt"/>
        <line num="62" count="2" type="stmt"/>
        <line num="63" count="0" type="stmt"/>
        <line num="64" count="0" type="stmt"/>
        <line num="65" count="0" type="stmt"/>
        <line num="66" count="0" type="stmt"/>
        <line num="67" count="0" type="stmt"/>
      </file>
      <file name="ExpenseListItem.js" path="C:\Users\sachi\Documents\UI Projects\expensify-app\src\components\ExpenseListItem.js">
        <metrics statements="2" coveredstatements="2" conditionals="0" coveredconditionals="0" methods="1" coveredmethods="1"/>
        <line num="4" count="3" type="stmt"/>
        <line num="5" count="1" type="stmt"/>
      </file>
      <file name="Header.js" path="C:\Users\sachi\Documents\UI Projects\expensify-app\src\components\Header.js">
        <metrics statements="2" coveredstatements="2" conditionals="0" coveredconditionals="0" methods="1" coveredmethods="1"/>
        <line num="4" count="1" type="stmt"/>
        <line num="5" count="1" type="stmt"/>
      </file>
      <file name="NotFoundPage.js" path="C:\Users\sachi\Documents\UI Projects\expensify-app\src\components\NotFoundPage.js">
        <metrics statements="2" coveredstatements="2" conditionals="0" coveredconditionals="0" methods="1" coveredmethods="1"/>
        <line num="4" count="1" type="stmt"/>
        <line num="5" count="1" type="stmt"/>
      </file>
    </package>
    <package name="reducers">
      <metrics statements="17" coveredstatements="17" conditionals="14" coveredconditionals="14" methods="4" coveredmethods="4"/>
      <file name="expenses.js" path="C:\Users\sachi\Documents\UI Projects\expensify-app\src\reducers\expenses.js">
        <metrics statements="9" coveredstatements="9" conditionals="7" coveredconditionals="7" methods="3" coveredmethods="3"/>
        <line num="1" count="1" type="stmt"/>
        <line num="4" count="6" type="cond" truecount="4" falsecount="0"/>
        <line num="6" count="1" type="stmt"/>
        <line num="8" count="6" type="stmt"/>
        <line num="10" count="2" type="stmt"/>
        <line num="11" count="6" type="cond" truecount="2" falsecount="0"/>
        <line num="12" count="1" type="stmt"/>
        <line num="17" count="5" type="stmt"/>
        <line num="21" count="1" type="stmt"/>
      </file>
      <file name="filters.js" path="C:\Users\sachi\Documents\UI Projects\expensify-app\src\reducers\filters.js">
        <metrics statements="8" coveredstatements="8" conditionals="7" coveredconditionals="7" methods="1" coveredmethods="1"/>
        <line num="4" count="1" type="stmt"/>
        <line num="12" count="6" type="cond" truecount="6" falsecount="0"/>
        <line num="14" count="1" type="stmt"/>
        <line num="19" count="1" type="stmt"/>
        <line num="24" count="1" type="stmt"/>
        <line num="29" count="1" type="stmt"/>
        <line num="34" count="1" type="stmt"/>
        <line num="39" count="1" type="stmt"/>
      </file>
    </package>
    <package name="selectors">
      <metrics statements="10" coveredstatements="10" conditionals="15" coveredconditionals="14" methods="3" coveredmethods="3"/>
      <file name="expenses.js" path="C:\Users\sachi\Documents\UI Projects\expensify-app\src\selectors\expenses.js">
        <metrics statements="10" coveredstatements="10" conditionals="15" coveredconditionals="14" methods="3" coveredmethods="3"/>
        <line num="5" count="5" type="stmt"/>
        <line num="6" count="15" type="stmt"/>
        <line num="7" count="15" type="cond" truecount="2" falsecount="0"/>
        <line num="8" count="15" type="cond" truecount="2" falsecount="0"/>
        <line num="9" count="15" type="stmt"/>
        <line num="11" count="15" type="cond" truecount="3" falsecount="0"/>
        <line num="13" count="11" type="cond" truecount="2" falsecount="0"/>
        <line num="14" count="7" type="cond" truecount="2" falsecount="0"/>
        <line num="15" count="4" type="cond" truecount="1" falsecount="1"/>
        <line num="16" count="4" type="cond" truecount="2" falsecount="0"/>
      </file>
    </package>
    <package name="tests.fixtures">
      <metrics statements="2" coveredstatements="2" conditionals="0" coveredconditionals="0" methods="0" coveredmethods="0"/>
      <file name="expenses.js" path="C:\Users\sachi\Documents\UI Projects\expensify-app\src\tests\fixtures\expenses.js">
        <metrics statements="0" coveredstatements="0" conditionals="0" coveredconditionals="0" methods="0" coveredmethods="0"/>
      </file>
      <file name="filters.js" path="C:\Users\sachi\Documents\UI Projects\expensify-app\src\tests\fixtures\filters.js">
        <metrics statements="2" coveredstatements="2" conditionals="0" coveredconditionals="0" methods="0" coveredmethods="0"/>
        <line num="3" count="1" type="stmt"/>
        <line num="10" count="1" type="stmt"/>
      </file>
    </package>
  </project>
</coverage>
