{"C:\\Users\\sachi\\Documents\\UI Projects\\expensify-app\\src\\actions\\expenses.js": {"path":"C:\\Users\\sachi\\Documents\\UI Projects\\expensify-app\\src\\actions\\expenses.js","statementMap":{"0":{"start":{"line":4,"column":26},"end":{"line":18,"column":6}},"1":{"start":{"line":9,"column":16},"end":{"line":18,"column":5}},"2":{"start":{"line":22,"column":29},"end":{"line":25,"column":2}},"3":{"start":{"line":22,"column":47},"end":{"line":25,"column":1}},"4":{"start":{"line":28,"column":27},"end":{"line":34,"column":1}},"5":{"start":{"line":29,"column":4},"end":{"line":33,"column":6}}},"fnMap":{"0":{"name":"(anonymous_0)","decl":{"start":{"line":4,"column":26},"end":{"line":4,"column":27}},"loc":{"start":{"line":9,"column":16},"end":{"line":18,"column":5}},"line":9},"1":{"name":"(anonymous_1)","decl":{"start":{"line":22,"column":29},"end":{"line":22,"column":30}},"loc":{"start":{"line":22,"column":47},"end":{"line":25,"column":1}},"line":22},"2":{"name":"(anonymous_2)","decl":{"start":{"line":28,"column":27},"end":{"line":28,"column":28}},"loc":{"start":{"line":28,"column":44},"end":{"line":34,"column":1}},"line":28}},"branchMap":{"0":{"loc":{"start":{"line":5,"column":4},"end":{"line":9,"column":10}},"type":"default-arg","locations":[{"start":{"line":9,"column":8},"end":{"line":9,"column":10}}],"line":5},"1":{"loc":{"start":{"line":5,"column":6},"end":{"line":5,"column":22}},"type":"default-arg","locations":[{"start":{"line":5,"column":20},"end":{"line":5,"column":22}}],"line":5},"2":{"loc":{"start":{"line":6,"column":8},"end":{"line":6,"column":17}},"type":"default-arg","locations":[{"start":{"line":6,"column":15},"end":{"line":6,"column":17}}],"line":6},"3":{"loc":{"start":{"line":7,"column":8},"end":{"line":7,"column":18}},"type":"default-arg","locations":[{"start":{"line":7,"column":17},"end":{"line":7,"column":18}}],"line":7},"4":{"loc":{"start":{"line":8,"column":8},"end":{"line":8,"column":21}},"type":"default-arg","locations":[{"start":{"line":8,"column":20},"end":{"line":8,"column":21}}],"line":8},"5":{"loc":{"start":{"line":22,"column":30},"end":{"line":22,"column":41}},"type":"default-arg","locations":[{"start":{"line":22,"column":39},"end":{"line":22,"column":41}}],"line":22}},"s":{"0":3,"1":2,"2":3,"3":1,"4":3,"5":1},"f":{"0":2,"1":1,"2":1},"b":{"0":[1],"1":[1],"2":[1],"3":[1],"4":[1],"5":[0]},"_coverageSchema":"1a1c01bbd47fc00a2c39e90264f33305004495a9","hash":"13de75c5d6bc437de909f7800eb6afc85bb76613"}
,"C:\\Users\\sachi\\Documents\\UI Projects\\expensify-app\\src\\actions\\filters.js": {"path":"C:\\Users\\sachi\\Documents\\UI Projects\\expensify-app\\src\\actions\\filters.js","statementMap":{"0":{"start":{"line":2,"column":29},"end":{"line":7,"column":1}},"1":{"start":{"line":3,"column":4},"end":{"line":6,"column":5}},"2":{"start":{"line":9,"column":26},"end":{"line":13,"column":1}},"3":{"start":{"line":10,"column":4},"end":{"line":12,"column":5}},"4":{"start":{"line":16,"column":28},"end":{"line":20,"column":1}},"5":{"start":{"line":17,"column":4},"end":{"line":19,"column":5}},"6":{"start":{"line":23,"column":28},"end":{"line":28,"column":1}},"7":{"start":{"line":24,"column":4},"end":{"line":27,"column":5}},"8":{"start":{"line":31,"column":26},"end":{"line":36,"column":1}},"9":{"start":{"line":32,"column":4},"end":{"line":35,"column":5}}},"fnMap":{"0":{"name":"(anonymous_0)","decl":{"start":{"line":2,"column":29},"end":{"line":2,"column":30}},"loc":{"start":{"line":3,"column":4},"end":{"line":6,"column":5}},"line":3},"1":{"name":"(anonymous_1)","decl":{"start":{"line":9,"column":26},"end":{"line":9,"column":27}},"loc":{"start":{"line":10,"column":4},"end":{"line":12,"column":5}},"line":10},"2":{"name":"(anonymous_2)","decl":{"start":{"line":16,"column":28},"end":{"line":16,"column":29}},"loc":{"start":{"line":17,"column":4},"end":{"line":19,"column":5}},"line":17},"3":{"name":"(anonymous_3)","decl":{"start":{"line":23,"column":28},"end":{"line":23,"column":29}},"loc":{"start":{"line":24,"column":4},"end":{"line":27,"column":5}},"line":24},"4":{"name":"(anonymous_4)","decl":{"start":{"line":31,"column":26},"end":{"line":31,"column":27}},"loc":{"start":{"line":32,"column":4},"end":{"line":35,"column":5}},"line":32}},"branchMap":{"0":{"loc":{"start":{"line":2,"column":30},"end":{"line":2,"column":39}},"type":"default-arg","locations":[{"start":{"line":2,"column":37},"end":{"line":2,"column":39}}],"line":2}},"s":{"0":3,"1":2,"2":3,"3":1,"4":3,"5":1,"6":3,"7":1,"8":3,"9":1},"f":{"0":2,"1":1,"2":1,"3":1,"4":1},"b":{"0":[1]},"_coverageSchema":"1a1c01bbd47fc00a2c39e90264f33305004495a9","hash":"aa703eeb3633b41fb53153ba596a71c2fe846803"}
,"C:\\Users\\sachi\\Documents\\UI Projects\\expensify-app\\src\\components\\AddExpensePage.js": {"path":"C:\\Users\\sachi\\Documents\\UI Projects\\expensify-app\\src\\components\\AddExpensePage.js","statementMap":{"0":{"start":{"line":7,"column":15},"end":{"line":10,"column":5}},"1":{"start":{"line":8,"column":8},"end":{"line":8,"column":39}},"2":{"start":{"line":9,"column":16},"end":{"line":9,"column":45}},"3":{"start":{"line":12,"column":7},"end":{"line":17,"column":9}},"4":{"start":{"line":21,"column":27},"end":{"line":23,"column":2}},"5":{"start":{"line":21,"column":43},"end":{"line":23,"column":1}},"6":{"start":{"line":22,"column":29},"end":{"line":22,"column":58}}},"fnMap":{"0":{"name":"(anonymous_0)","decl":{"start":{"line":7,"column":15},"end":{"line":7,"column":16}},"loc":{"start":{"line":7,"column":28},"end":{"line":10,"column":5}},"line":7},"1":{"name":"(anonymous_1)","decl":{"start":{"line":11,"column":4},"end":{"line":11,"column":5}},"loc":{"start":{"line":11,"column":13},"end":{"line":18,"column":5}},"line":11},"2":{"name":"(anonymous_2)","decl":{"start":{"line":21,"column":27},"end":{"line":21,"column":28}},"loc":{"start":{"line":21,"column":43},"end":{"line":23,"column":1}},"line":21},"3":{"name":"(anonymous_3)","decl":{"start":{"line":22,"column":16},"end":{"line":22,"column":17}},"loc":{"start":{"line":22,"column":29},"end":{"line":22,"column":58}},"line":22}},"branchMap":{},"s":{"0":2,"1":1,"2":1,"3":2,"4":1,"5":0,"6":0},"f":{"0":1,"1":2,"2":0,"3":0},"b":{},"_coverageSchema":"1a1c01bbd47fc00a2c39e90264f33305004495a9","hash":"98bb686286de0e5607a1b76fbd7ce0c82356fbe1"}
,"C:\\Users\\sachi\\Documents\\UI Projects\\expensify-app\\src\\components\\EditExpensePage.js": {"path":"C:\\Users\\sachi\\Documents\\UI Projects\\expensify-app\\src\\components\\EditExpensePage.js","statementMap":{"0":{"start":{"line":7,"column":15},"end":{"line":11,"column":5}},"1":{"start":{"line":8,"column":8},"end":{"line":8,"column":39}},"2":{"start":{"line":9,"column":8},"end":{"line":9,"column":63}},"3":{"start":{"line":10,"column":8},"end":{"line":10,"column":37}},"4":{"start":{"line":12,"column":15},"end":{"line":15,"column":5}},"5":{"start":{"line":13,"column":8},"end":{"line":13,"column":64}},"6":{"start":{"line":14,"column":8},"end":{"line":14,"column":37}},"7":{"start":{"line":17,"column":8},"end":{"line":25,"column":10}},"8":{"start":{"line":29,"column":23},"end":{"line":31,"column":2}},"9":{"start":{"line":29,"column":42},"end":{"line":31,"column":1}},"10":{"start":{"line":30,"column":50},"end":{"line":30,"column":86}},"11":{"start":{"line":33,"column":27},"end":{"line":36,"column":2}},"12":{"start":{"line":33,"column":49},"end":{"line":36,"column":1}},"13":{"start":{"line":34,"column":34},"end":{"line":34,"column":68}},"14":{"start":{"line":35,"column":29},"end":{"line":35,"column":58}}},"fnMap":{"0":{"name":"(anonymous_0)","decl":{"start":{"line":7,"column":15},"end":{"line":7,"column":16}},"loc":{"start":{"line":7,"column":28},"end":{"line":11,"column":5}},"line":7},"1":{"name":"(anonymous_1)","decl":{"start":{"line":12,"column":15},"end":{"line":12,"column":16}},"loc":{"start":{"line":12,"column":28},"end":{"line":15,"column":5}},"line":12},"2":{"name":"(anonymous_2)","decl":{"start":{"line":16,"column":4},"end":{"line":16,"column":5}},"loc":{"start":{"line":16,"column":13},"end":{"line":26,"column":5}},"line":16},"3":{"name":"(anonymous_3)","decl":{"start":{"line":29,"column":23},"end":{"line":29,"column":24}},"loc":{"start":{"line":29,"column":42},"end":{"line":31,"column":1}},"line":29},"4":{"name":"(anonymous_4)","decl":{"start":{"line":30,"column":37},"end":{"line":30,"column":38}},"loc":{"start":{"line":30,"column":50},"end":{"line":30,"column":86}},"line":30},"5":{"name":"(anonymous_5)","decl":{"start":{"line":33,"column":27},"end":{"line":33,"column":28}},"loc":{"start":{"line":33,"column":49},"end":{"line":36,"column":1}},"line":33},"6":{"name":"(anonymous_6)","decl":{"start":{"line":34,"column":17},"end":{"line":34,"column":18}},"loc":{"start":{"line":34,"column":34},"end":{"line":34,"column":68}},"line":34},"7":{"name":"(anonymous_7)","decl":{"start":{"line":35,"column":19},"end":{"line":35,"column":20}},"loc":{"start":{"line":35,"column":29},"end":{"line":35,"column":58}},"line":35}},"branchMap":{},"s":{"0":3,"1":1,"2":1,"3":1,"4":3,"5":1,"6":1,"7":3,"8":1,"9":0,"10":0,"11":1,"12":0,"13":0,"14":0},"f":{"0":1,"1":1,"2":3,"3":0,"4":0,"5":0,"6":0,"7":0},"b":{},"_coverageSchema":"1a1c01bbd47fc00a2c39e90264f33305004495a9","hash":"f6ad4e0e11dc5c0189a1146fc6c5d19a4976cf42"}
,"C:\\Users\\sachi\\Documents\\UI Projects\\expensify-app\\src\\components\\ExpenseDashboardPage.js": {"path":"C:\\Users\\sachi\\Documents\\UI Projects\\expensify-app\\src\\components\\ExpenseDashboardPage.js","statementMap":{"0":{"start":{"line":5,"column":29},"end":{"line":10,"column":1}},"1":{"start":{"line":6,"column":4},"end":{"line":9,"column":10}}},"fnMap":{"0":{"name":"(anonymous_0)","decl":{"start":{"line":5,"column":29},"end":{"line":5,"column":30}},"loc":{"start":{"line":6,"column":4},"end":{"line":9,"column":10}},"line":6}},"branchMap":{},"s":{"0":1,"1":1},"f":{"0":1},"b":{},"_coverageSchema":"1a1c01bbd47fc00a2c39e90264f33305004495a9","hash":"9a024bf91526a1a08162a6fcc7b2ab2b1a5f089e"}
,"C:\\Users\\sachi\\Documents\\UI Projects\\expensify-app\\src\\components\\ExpenseForm.js": {"path":"C:\\Users\\sachi\\Documents\\UI Projects\\expensify-app\\src\\components\\ExpenseForm.js","statementMap":{"0":{"start":{"line":7,"column":8},"end":{"line":7,"column":21}},"1":{"start":{"line":9,"column":8},"end":{"line":16,"column":9}},"2":{"start":{"line":19,"column":26},"end":{"line":22,"column":5}},"3":{"start":{"line":20,"column":28},"end":{"line":20,"column":42}},"4":{"start":{"line":21,"column":8},"end":{"line":21,"column":47}},"5":{"start":{"line":21,"column":29},"end":{"line":21,"column":44}},"6":{"start":{"line":24,"column":19},"end":{"line":27,"column":5}},"7":{"start":{"line":25,"column":21},"end":{"line":25,"column":35}},"8":{"start":{"line":26,"column":8},"end":{"line":26,"column":40}},"9":{"start":{"line":26,"column":29},"end":{"line":26,"column":37}},"10":{"start":{"line":29,"column":21},"end":{"line":34,"column":5}},"11":{"start":{"line":30,"column":23},"end":{"line":30,"column":37}},"12":{"start":{"line":31,"column":8},"end":{"line":33,"column":9}},"13":{"start":{"line":32,"column":12},"end":{"line":32,"column":46}},"14":{"start":{"line":32,"column":33},"end":{"line":32,"column":43}},"15":{"start":{"line":36,"column":19},"end":{"line":40,"column":5}},"16":{"start":{"line":37,"column":8},"end":{"line":39,"column":9}},"17":{"start":{"line":38,"column":12},"end":{"line":38,"column":49}},"18":{"start":{"line":38,"column":33},"end":{"line":38,"column":46}},"19":{"start":{"line":42,"column":20},"end":{"line":42,"column":80}},"20":{"start":{"line":42,"column":37},"end":{"line":42,"column":80}},"21":{"start":{"line":44,"column":19},"end":{"line":57,"column":5}},"22":{"start":{"line":45,"column":8},"end":{"line":45,"column":27}},"23":{"start":{"line":46,"column":8},"end":{"line":56,"column":9}},"24":{"start":{"line":47,"column":12},"end":{"line":47,"column":86}},"25":{"start":{"line":47,"column":33},"end":{"line":47,"column":83}},"26":{"start":{"line":49,"column":12},"end":{"line":49,"column":49}},"27":{"start":{"line":49,"column":33},"end":{"line":49,"column":46}},"28":{"start":{"line":50,"column":12},"end":{"line":55,"column":14}},"29":{"start":{"line":60,"column":8},"end":{"line":93,"column":9}},"30":{"start":{"line":83,"column":46},"end":{"line":83,"column":51}}},"fnMap":{"0":{"name":"(anonymous_0)","decl":{"start":{"line":6,"column":4},"end":{"line":6,"column":5}},"loc":{"start":{"line":6,"column":23},"end":{"line":17,"column":5}},"line":6},"1":{"name":"(anonymous_1)","decl":{"start":{"line":19,"column":26},"end":{"line":19,"column":27}},"loc":{"start":{"line":19,"column":33},"end":{"line":22,"column":5}},"line":19},"2":{"name":"(anonymous_2)","decl":{"start":{"line":21,"column":22},"end":{"line":21,"column":23}},"loc":{"start":{"line":21,"column":29},"end":{"line":21,"column":44}},"line":21},"3":{"name":"(anonymous_3)","decl":{"start":{"line":24,"column":19},"end":{"line":24,"column":20}},"loc":{"start":{"line":24,"column":26},"end":{"line":27,"column":5}},"line":24},"4":{"name":"(anonymous_4)","decl":{"start":{"line":26,"column":22},"end":{"line":26,"column":23}},"loc":{"start":{"line":26,"column":29},"end":{"line":26,"column":37}},"line":26},"5":{"name":"(anonymous_5)","decl":{"start":{"line":29,"column":21},"end":{"line":29,"column":22}},"loc":{"start":{"line":29,"column":28},"end":{"line":34,"column":5}},"line":29},"6":{"name":"(anonymous_6)","decl":{"start":{"line":32,"column":26},"end":{"line":32,"column":27}},"loc":{"start":{"line":32,"column":33},"end":{"line":32,"column":43}},"line":32},"7":{"name":"(anonymous_7)","decl":{"start":{"line":36,"column":19},"end":{"line":36,"column":20}},"loc":{"start":{"line":36,"column":34},"end":{"line":40,"column":5}},"line":36},"8":{"name":"(anonymous_8)","decl":{"start":{"line":38,"column":26},"end":{"line":38,"column":27}},"loc":{"start":{"line":38,"column":33},"end":{"line":38,"column":46}},"line":38},"9":{"name":"(anonymous_9)","decl":{"start":{"line":42,"column":20},"end":{"line":42,"column":21}},"loc":{"start":{"line":42,"column":37},"end":{"line":42,"column":80}},"line":42},"10":{"name":"(anonymous_10)","decl":{"start":{"line":44,"column":19},"end":{"line":44,"column":20}},"loc":{"start":{"line":44,"column":26},"end":{"line":57,"column":5}},"line":44},"11":{"name":"(anonymous_11)","decl":{"start":{"line":47,"column":26},"end":{"line":47,"column":27}},"loc":{"start":{"line":47,"column":33},"end":{"line":47,"column":83}},"line":47},"12":{"name":"(anonymous_12)","decl":{"start":{"line":49,"column":26},"end":{"line":49,"column":27}},"loc":{"start":{"line":49,"column":33},"end":{"line":49,"column":46}},"line":49},"13":{"name":"(anonymous_13)","decl":{"start":{"line":59,"column":4},"end":{"line":59,"column":5}},"loc":{"start":{"line":59,"column":13},"end":{"line":94,"column":5}},"line":59},"14":{"name":"(anonymous_14)","decl":{"start":{"line":83,"column":40},"end":{"line":83,"column":41}},"loc":{"start":{"line":83,"column":46},"end":{"line":83,"column":51}},"line":83}},"branchMap":{"0":{"loc":{"start":{"line":10,"column":25},"end":{"line":10,"column":71}},"type":"cond-expr","locations":[{"start":{"line":10,"column":41},"end":{"line":10,"column":66}},{"start":{"line":10,"column":69},"end":{"line":10,"column":71}}],"line":10},"1":{"loc":{"start":{"line":11,"column":18},"end":{"line":11,"column":56}},"type":"cond-expr","locations":[{"start":{"line":11,"column":34},"end":{"line":11,"column":52}},{"start":{"line":11,"column":54},"end":{"line":11,"column":56}}],"line":11},"2":{"loc":{"start":{"line":12,"column":20},"end":{"line":12,"column":71}},"type":"cond-expr","locations":[{"start":{"line":12,"column":36},"end":{"line":12,"column":67}},{"start":{"line":12,"column":69},"end":{"line":12,"column":71}}],"line":12},"3":{"loc":{"start":{"line":13,"column":23},"end":{"line":13,"column":81}},"type":"cond-expr","locations":[{"start":{"line":13,"column":39},"end":{"line":13,"column":70}},{"start":{"line":13,"column":73},"end":{"line":13,"column":81}}],"line":13},"4":{"loc":{"start":{"line":31,"column":8},"end":{"line":33,"column":9}},"type":"if","locations":[{"start":{"line":31,"column":8},"end":{"line":33,"column":9}},{"start":{"line":31,"column":8},"end":{"line":33,"column":9}}],"line":31},"5":{"loc":{"start":{"line":31,"column":12},"end":{"line":31,"column":59}},"type":"binary-expr","locations":[{"start":{"line":31,"column":12},"end":{"line":31,"column":19}},{"start":{"line":31,"column":23},"end":{"line":31,"column":59}}],"line":31},"6":{"loc":{"start":{"line":37,"column":8},"end":{"line":39,"column":9}},"type":"if","locations":[{"start":{"line":37,"column":8},"end":{"line":39,"column":9}},{"start":{"line":37,"column":8},"end":{"line":39,"column":9}}],"line":37},"7":{"loc":{"start":{"line":46,"column":8},"end":{"line":56,"column":9}},"type":"if","locations":[{"start":{"line":46,"column":8},"end":{"line":56,"column":9}},{"start":{"line":46,"column":8},"end":{"line":56,"column":9}}],"line":46},"8":{"loc":{"start":{"line":46,"column":12},"end":{"line":46,"column":57}},"type":"binary-expr","locations":[{"start":{"line":46,"column":12},"end":{"line":46,"column":35}},{"start":{"line":46,"column":39},"end":{"line":46,"column":57}}],"line":46},"9":{"loc":{"start":{"line":63,"column":21},"end":{"line":63,"column":66}},"type":"binary-expr","locations":[{"start":{"line":63,"column":21},"end":{"line":63,"column":37}},{"start":{"line":63,"column":41},"end":{"line":63,"column":66}}],"line":63}},"s":{"0":10,"1":10,"2":10,"3":1,"4":1,"5":1,"6":10,"7":1,"8":1,"9":1,"10":10,"11":2,"12":2,"13":1,"14":1,"15":10,"16":1,"17":1,"18":1,"19":10,"20":1,"21":10,"22":2,"23":2,"24":1,"25":1,"26":1,"27":1,"28":1,"29":17,"30":0},"f":{"0":10,"1":1,"2":1,"3":1,"4":1,"5":2,"6":1,"7":1,"8":1,"9":1,"10":2,"11":1,"12":1,"13":17,"14":0},"b":{"0":[2,8],"1":[2,8],"2":[2,8],"3":[2,8],"4":[1,1],"5":[2,2],"6":[1,0],"7":[1,1],"8":[2,1],"9":[17,1]},"_coverageSchema":"1a1c01bbd47fc00a2c39e90264f33305004495a9","hash":"56f3ae66a1c05501489ed3dd41bb95d786399ea0"}
,"C:\\Users\\sachi\\Documents\\UI Projects\\expensify-app\\src\\components\\ExpenseList.js": {"path":"C:\\Users\\sachi\\Documents\\UI Projects\\expensify-app\\src\\components\\ExpenseList.js","statementMap":{"0":{"start":{"line":6,"column":27},"end":{"line":19,"column":1}},"1":{"start":{"line":7,"column":4},"end":{"line":18,"column":10}},"2":{"start":{"line":14,"column":16},"end":{"line":14,"column":72}},"3":{"start":{"line":21,"column":24},"end":{"line":25,"column":1}},"4":{"start":{"line":22,"column":4},"end":{"line":24,"column":6}}},"fnMap":{"0":{"name":"(anonymous_0)","decl":{"start":{"line":6,"column":27},"end":{"line":6,"column":28}},"loc":{"start":{"line":7,"column":4},"end":{"line":18,"column":10}},"line":7},"1":{"name":"(anonymous_1)","decl":{"start":{"line":13,"column":31},"end":{"line":13,"column":32}},"loc":{"start":{"line":13,"column":44},"end":{"line":15,"column":13}},"line":13},"2":{"name":"(anonymous_2)","decl":{"start":{"line":21,"column":24},"end":{"line":21,"column":25}},"loc":{"start":{"line":21,"column":35},"end":{"line":25,"column":1}},"line":21}},"branchMap":{"0":{"loc":{"start":{"line":10,"column":8},"end":{"line":16,"column":9}},"type":"cond-expr","locations":[{"start":{"line":11,"column":12},"end":{"line":11,"column":37}},{"start":{"line":13,"column":12},"end":{"line":15,"column":14}}],"line":10}},"s":{"0":2,"1":2,"2":3,"3":2,"4":0},"f":{"0":2,"1":3,"2":0},"b":{"0":[1,1]},"_coverageSchema":"1a1c01bbd47fc00a2c39e90264f33305004495a9","hash":"4746e2e14c944456a72b0d57f75875bb2b1c6d68"}
,"C:\\Users\\sachi\\Documents\\UI Projects\\expensify-app\\src\\components\\ExpenseListFilters.js": {"path":"C:\\Users\\sachi\\Documents\\UI Projects\\expensify-app\\src\\components\\ExpenseListFilters.js","statementMap":{"0":{"start":{"line":8,"column":12},"end":{"line":10,"column":5}},"1":{"start":{"line":12,"column":20},"end":{"line":15,"column":5}},"2":{"start":{"line":13,"column":8},"end":{"line":13,"column":43}},"3":{"start":{"line":14,"column":8},"end":{"line":14,"column":39}},"4":{"start":{"line":17,"column":20},"end":{"line":19,"column":5}},"5":{"start":{"line":18,"column":8},"end":{"line":18,"column":51}},"6":{"start":{"line":18,"column":29},"end":{"line":18,"column":48}},"7":{"start":{"line":21,"column":19},"end":{"line":23,"column":5}},"8":{"start":{"line":22,"column":8},"end":{"line":22,"column":49}},"9":{"start":{"line":24,"column":19},"end":{"line":31,"column":5}},"10":{"start":{"line":25,"column":20},"end":{"line":25,"column":34}},"11":{"start":{"line":26,"column":8},"end":{"line":30,"column":9}},"12":{"start":{"line":27,"column":12},"end":{"line":27,"column":35}},"13":{"start":{"line":28,"column":15},"end":{"line":30,"column":9}},"14":{"start":{"line":29,"column":12},"end":{"line":29,"column":37}},"15":{"start":{"line":34,"column":8},"end":{"line":54,"column":10}},"16":{"start":{"line":51,"column":42},"end":{"line":51,"column":47}},"17":{"start":{"line":58,"column":24},"end":{"line":60,"column":6}},"18":{"start":{"line":58,"column":36},"end":{"line":60,"column":5}},"19":{"start":{"line":62,"column":27},"end":{"line":68,"column":2}},"20":{"start":{"line":62,"column":42},"end":{"line":68,"column":1}},"21":{"start":{"line":63,"column":29},"end":{"line":63,"column":58}},"22":{"start":{"line":64,"column":22},"end":{"line":64,"column":44}},"23":{"start":{"line":65,"column":24},"end":{"line":65,"column":48}},"24":{"start":{"line":66,"column":33},"end":{"line":66,"column":66}},"25":{"start":{"line":67,"column":30},"end":{"line":67,"column":59}}},"fnMap":{"0":{"name":"(anonymous_0)","decl":{"start":{"line":12,"column":20},"end":{"line":12,"column":21}},"loc":{"start":{"line":12,"column":48},"end":{"line":15,"column":5}},"line":12},"1":{"name":"(anonymous_1)","decl":{"start":{"line":17,"column":20},"end":{"line":17,"column":21}},"loc":{"start":{"line":17,"column":41},"end":{"line":19,"column":5}},"line":17},"2":{"name":"(anonymous_2)","decl":{"start":{"line":18,"column":22},"end":{"line":18,"column":23}},"loc":{"start":{"line":18,"column":29},"end":{"line":18,"column":48}},"line":18},"3":{"name":"(anonymous_3)","decl":{"start":{"line":21,"column":19},"end":{"line":21,"column":20}},"loc":{"start":{"line":21,"column":26},"end":{"line":23,"column":5}},"line":21},"4":{"name":"(anonymous_4)","decl":{"start":{"line":24,"column":19},"end":{"line":24,"column":20}},"loc":{"start":{"line":24,"column":26},"end":{"line":31,"column":5}},"line":24},"5":{"name":"(anonymous_5)","decl":{"start":{"line":33,"column":4},"end":{"line":33,"column":5}},"loc":{"start":{"line":33,"column":13},"end":{"line":55,"column":5}},"line":33},"6":{"name":"(anonymous_6)","decl":{"start":{"line":51,"column":36},"end":{"line":51,"column":37}},"loc":{"start":{"line":51,"column":42},"end":{"line":51,"column":47}},"line":51},"7":{"name":"(anonymous_7)","decl":{"start":{"line":58,"column":24},"end":{"line":58,"column":25}},"loc":{"start":{"line":58,"column":36},"end":{"line":60,"column":5}},"line":58},"8":{"name":"(anonymous_8)","decl":{"start":{"line":62,"column":27},"end":{"line":62,"column":28}},"loc":{"start":{"line":62,"column":42},"end":{"line":68,"column":1}},"line":62},"9":{"name":"(anonymous_9)","decl":{"start":{"line":63,"column":19},"end":{"line":63,"column":20}},"loc":{"start":{"line":63,"column":29},"end":{"line":63,"column":58}},"line":63},"10":{"name":"(anonymous_10)","decl":{"start":{"line":64,"column":16},"end":{"line":64,"column":17}},"loc":{"start":{"line":64,"column":22},"end":{"line":64,"column":44}},"line":64},"11":{"name":"(anonymous_11)","decl":{"start":{"line":65,"column":18},"end":{"line":65,"column":19}},"loc":{"start":{"line":65,"column":24},"end":{"line":65,"column":48}},"line":65},"12":{"name":"(anonymous_12)","decl":{"start":{"line":66,"column":18},"end":{"line":66,"column":19}},"loc":{"start":{"line":66,"column":33},"end":{"line":66,"column":66}},"line":66},"13":{"name":"(anonymous_13)","decl":{"start":{"line":67,"column":17},"end":{"line":67,"column":18}},"loc":{"start":{"line":67,"column":30},"end":{"line":67,"column":59}},"line":67}},"branchMap":{"0":{"loc":{"start":{"line":26,"column":8},"end":{"line":30,"column":9}},"type":"if","locations":[{"start":{"line":26,"column":8},"end":{"line":30,"column":9}},{"start":{"line":26,"column":8},"end":{"line":30,"column":9}}],"line":26},"1":{"loc":{"start":{"line":28,"column":15},"end":{"line":30,"column":9}},"type":"if","locations":[{"start":{"line":28,"column":15},"end":{"line":30,"column":9}},{"start":{"line":28,"column":15},"end":{"line":30,"column":9}}],"line":28}},"s":{"0":7,"1":7,"2":1,"3":1,"4":7,"5":1,"6":1,"7":7,"8":1,"9":7,"10":2,"11":2,"12":1,"13":1,"14":1,"15":10,"16":0,"17":2,"18":0,"19":2,"20":0,"21":0,"22":0,"23":0,"24":0,"25":0},"f":{"0":1,"1":1,"2":1,"3":1,"4":2,"5":10,"6":0,"7":0,"8":0,"9":0,"10":0,"11":0,"12":0,"13":0},"b":{"0":[1,1],"1":[1,0]},"_coverageSchema":"1a1c01bbd47fc00a2c39e90264f33305004495a9","hash":"16f4008d5bcd6fa5ac9068dffbafe02f914dd5c0"}
,"C:\\Users\\sachi\\Documents\\UI Projects\\expensify-app\\src\\components\\ExpenseListItem.js": {"path":"C:\\Users\\sachi\\Documents\\UI Projects\\expensify-app\\src\\components\\ExpenseListItem.js","statementMap":{"0":{"start":{"line":4,"column":24},"end":{"line":12,"column":1}},"1":{"start":{"line":5,"column":4},"end":{"line":11,"column":10}}},"fnMap":{"0":{"name":"(anonymous_0)","decl":{"start":{"line":4,"column":24},"end":{"line":4,"column":25}},"loc":{"start":{"line":5,"column":4},"end":{"line":11,"column":10}},"line":5}},"branchMap":{},"s":{"0":3,"1":1},"f":{"0":1},"b":{},"_coverageSchema":"1a1c01bbd47fc00a2c39e90264f33305004495a9","hash":"534aa421860646863e56bbd5f906037542c23c07"}
,"C:\\Users\\sachi\\Documents\\UI Projects\\expensify-app\\src\\components\\Header.js": {"path":"C:\\Users\\sachi\\Documents\\UI Projects\\expensify-app\\src\\components\\Header.js","statementMap":{"0":{"start":{"line":4,"column":15},"end":{"line":12,"column":1}},"1":{"start":{"line":5,"column":4},"end":{"line":11,"column":13}}},"fnMap":{"0":{"name":"(anonymous_0)","decl":{"start":{"line":4,"column":15},"end":{"line":4,"column":16}},"loc":{"start":{"line":5,"column":4},"end":{"line":11,"column":13}},"line":5}},"branchMap":{},"s":{"0":1,"1":1},"f":{"0":1},"b":{},"_coverageSchema":"1a1c01bbd47fc00a2c39e90264f33305004495a9","hash":"14a027b17b252e2ed85ca4fe90ce34a48e37ed40"}
,"C:\\Users\\sachi\\Documents\\UI Projects\\expensify-app\\src\\components\\NotFoundPage.js": {"path":"C:\\Users\\sachi\\Documents\\UI Projects\\expensify-app\\src\\components\\NotFoundPage.js","statementMap":{"0":{"start":{"line":4,"column":21},"end":{"line":10,"column":1}},"1":{"start":{"line":5,"column":4},"end":{"line":9,"column":10}}},"fnMap":{"0":{"name":"(anonymous_0)","decl":{"start":{"line":4,"column":21},"end":{"line":4,"column":22}},"loc":{"start":{"line":5,"column":4},"end":{"line":9,"column":10}},"line":5}},"branchMap":{},"s":{"0":1,"1":1},"f":{"0":1},"b":{},"_coverageSchema":"1a1c01bbd47fc00a2c39e90264f33305004495a9","hash":"e04af15f98dba1908d7d243a0ecb38903f402c5c"}
,"C:\\Users\\sachi\\Documents\\UI Projects\\expensify-app\\src\\reducers\\expenses.js": {"path":"C:\\Users\\sachi\\Documents\\UI Projects\\expensify-app\\src\\reducers\\expenses.js","statementMap":{"0":{"start":{"line":1,"column":36},"end":{"line":1,"column":38}},"1":{"start":{"line":4,"column":4},"end":{"line":22,"column":5}},"2":{"start":{"line":6,"column":12},"end":{"line":6,"column":46}},"3":{"start":{"line":8,"column":12},"end":{"line":8,"column":61}},"4":{"start":{"line":8,"column":44},"end":{"line":8,"column":59}},"5":{"start":{"line":10,"column":12},"end":{"line":19,"column":15}},"6":{"start":{"line":11,"column":16},"end":{"line":18,"column":17}},"7":{"start":{"line":12,"column":20},"end":{"line":15,"column":21}},"8":{"start":{"line":17,"column":20},"end":{"line":17,"column":35}},"9":{"start":{"line":21,"column":12},"end":{"line":21,"column":25}}},"fnMap":{"0":{"name":"(anonymous_0)","decl":{"start":{"line":3,"column":15},"end":{"line":3,"column":16}},"loc":{"start":{"line":3,"column":64},"end":{"line":23,"column":1}},"line":3},"1":{"name":"(anonymous_1)","decl":{"start":{"line":8,"column":32},"end":{"line":8,"column":33}},"loc":{"start":{"line":8,"column":44},"end":{"line":8,"column":59}},"line":8},"2":{"name":"(anonymous_2)","decl":{"start":{"line":10,"column":29},"end":{"line":10,"column":30}},"loc":{"start":{"line":10,"column":42},"end":{"line":19,"column":13}},"line":10}},"branchMap":{"0":{"loc":{"start":{"line":3,"column":16},"end":{"line":3,"column":51}},"type":"default-arg","locations":[{"start":{"line":3,"column":24},"end":{"line":3,"column":51}}],"line":3},"1":{"loc":{"start":{"line":4,"column":4},"end":{"line":22,"column":5}},"type":"switch","locations":[{"start":{"line":5,"column":8},"end":{"line":6,"column":46}},{"start":{"line":7,"column":8},"end":{"line":8,"column":61}},{"start":{"line":9,"column":8},"end":{"line":19,"column":15}},{"start":{"line":20,"column":8},"end":{"line":21,"column":25}}],"line":4},"2":{"loc":{"start":{"line":11,"column":16},"end":{"line":18,"column":17}},"type":"if","locations":[{"start":{"line":11,"column":16},"end":{"line":18,"column":17}},{"start":{"line":11,"column":16},"end":{"line":18,"column":17}}],"line":11}},"s":{"0":1,"1":6,"2":1,"3":2,"4":6,"5":2,"6":6,"7":1,"8":5,"9":1},"f":{"0":6,"1":6,"2":6},"b":{"0":[1],"1":[1,2,2,1],"2":[1,5]},"_coverageSchema":"1a1c01bbd47fc00a2c39e90264f33305004495a9","hash":"6d88850698f8f35a7e9845084d49cff6eaf12c7d"}
,"C:\\Users\\sachi\\Documents\\UI Projects\\expensify-app\\src\\reducers\\filters.js": {"path":"C:\\Users\\sachi\\Documents\\UI Projects\\expensify-app\\src\\reducers\\filters.js","statementMap":{"0":{"start":{"line":4,"column":35},"end":{"line":9,"column":1}},"1":{"start":{"line":12,"column":4},"end":{"line":40,"column":5}},"2":{"start":{"line":14,"column":12},"end":{"line":17,"column":13}},"3":{"start":{"line":19,"column":12},"end":{"line":22,"column":13}},"4":{"start":{"line":24,"column":12},"end":{"line":27,"column":13}},"5":{"start":{"line":29,"column":12},"end":{"line":32,"column":13}},"6":{"start":{"line":34,"column":12},"end":{"line":37,"column":13}},"7":{"start":{"line":39,"column":12},"end":{"line":39,"column":25}}},"fnMap":{"0":{"name":"(anonymous_0)","decl":{"start":{"line":11,"column":15},"end":{"line":11,"column":16}},"loc":{"start":{"line":11,"column":63},"end":{"line":41,"column":1}},"line":11}},"branchMap":{"0":{"loc":{"start":{"line":11,"column":16},"end":{"line":11,"column":50}},"type":"default-arg","locations":[{"start":{"line":11,"column":24},"end":{"line":11,"column":50}}],"line":11},"1":{"loc":{"start":{"line":12,"column":4},"end":{"line":40,"column":5}},"type":"switch","locations":[{"start":{"line":13,"column":8},"end":{"line":17,"column":13}},{"start":{"line":18,"column":8},"end":{"line":22,"column":13}},{"start":{"line":23,"column":8},"end":{"line":27,"column":13}},{"start":{"line":28,"column":8},"end":{"line":32,"column":13}},{"start":{"line":33,"column":8},"end":{"line":37,"column":13}},{"start":{"line":38,"column":8},"end":{"line":39,"column":25}}],"line":12}},"s":{"0":1,"1":6,"2":1,"3":1,"4":1,"5":1,"6":1,"7":1},"f":{"0":6},"b":{"0":[5],"1":[1,1,1,1,1,1]},"_coverageSchema":"1a1c01bbd47fc00a2c39e90264f33305004495a9","hash":"1f56c8839ab275776ab92f24bd22097f6bba44b9"}
,"C:\\Users\\sachi\\Documents\\UI Projects\\expensify-app\\src\\selectors\\expenses.js": {"path":"C:\\Users\\sachi\\Documents\\UI Projects\\expensify-app\\src\\selectors\\expenses.js","statementMap":{"0":{"start":{"line":5,"column":4},"end":{"line":18,"column":7}},"1":{"start":{"line":6,"column":32},"end":{"line":6,"column":57}},"2":{"start":{"line":7,"column":31},"end":{"line":7,"column":98}},"3":{"start":{"line":8,"column":29},"end":{"line":8,"column":91}},"4":{"start":{"line":9,"column":26},"end":{"line":9,"column":94}},"5":{"start":{"line":11,"column":8},"end":{"line":11,"column":59}},"6":{"start":{"line":13,"column":8},"end":{"line":17,"column":9}},"7":{"start":{"line":14,"column":12},"end":{"line":14,"column":54}},"8":{"start":{"line":15,"column":15},"end":{"line":17,"column":9}},"9":{"start":{"line":16,"column":12},"end":{"line":16,"column":48}}},"fnMap":{"0":{"name":"(anonymous_0)","decl":{"start":{"line":4,"column":14},"end":{"line":4,"column":15}},"loc":{"start":{"line":4,"column":64},"end":{"line":20,"column":1}},"line":4},"1":{"name":"(anonymous_1)","decl":{"start":{"line":5,"column":27},"end":{"line":5,"column":28}},"loc":{"start":{"line":5,"column":40},"end":{"line":12,"column":5}},"line":5},"2":{"name":"(anonymous_2)","decl":{"start":{"line":12,"column":12},"end":{"line":12,"column":13}},"loc":{"start":{"line":12,"column":22},"end":{"line":18,"column":5}},"line":12}},"branchMap":{"0":{"loc":{"start":{"line":7,"column":31},"end":{"line":7,"column":98}},"type":"cond-expr","locations":[{"start":{"line":7,"column":43},"end":{"line":7,"column":91}},{"start":{"line":7,"column":94},"end":{"line":7,"column":98}}],"line":7},"1":{"loc":{"start":{"line":8,"column":29},"end":{"line":8,"column":91}},"type":"cond-expr","locations":[{"start":{"line":8,"column":39},"end":{"line":8,"column":84}},{"start":{"line":8,"column":87},"end":{"line":8,"column":91}}],"line":8},"2":{"loc":{"start":{"line":11,"column":15},"end":{"line":11,"column":58}},"type":"binary-expr","locations":[{"start":{"line":11,"column":15},"end":{"line":11,"column":29}},{"start":{"line":11,"column":33},"end":{"line":11,"column":45}},{"start":{"line":11,"column":49},"end":{"line":11,"column":58}}],"line":11},"3":{"loc":{"start":{"line":13,"column":8},"end":{"line":17,"column":9}},"type":"if","locations":[{"start":{"line":13,"column":8},"end":{"line":17,"column":9}},{"start":{"line":13,"column":8},"end":{"line":17,"column":9}}],"line":13},"4":{"loc":{"start":{"line":14,"column":19},"end":{"line":14,"column":53}},"type":"cond-expr","locations":[{"start":{"line":14,"column":47},"end":{"line":14,"column":48}},{"start":{"line":14,"column":51},"end":{"line":14,"column":53}}],"line":14},"5":{"loc":{"start":{"line":15,"column":15},"end":{"line":17,"column":9}},"type":"if","locations":[{"start":{"line":15,"column":15},"end":{"line":17,"column":9}},{"start":{"line":15,"column":15},"end":{"line":17,"column":9}}],"line":15},"6":{"loc":{"start":{"line":16,"column":19},"end":{"line":16,"column":47}},"type":"cond-expr","locations":[{"start":{"line":16,"column":41},"end":{"line":16,"column":42}},{"start":{"line":16,"column":45},"end":{"line":16,"column":47}}],"line":16}},"s":{"0":5,"1":15,"2":15,"3":15,"4":15,"5":15,"6":11,"7":7,"8":4,"9":4},"f":{"0":5,"1":15,"2":11},"b":{"0":[3,12],"1":[3,12],"2":[15,14,13],"3":[7,4],"4":[2,5],"5":[4,0],"6":[2,2]},"_coverageSchema":"1a1c01bbd47fc00a2c39e90264f33305004495a9","hash":"600b6354e0b67ba0c74e0c3fcda15022db13851b"}
,"C:\\Users\\sachi\\Documents\\UI Projects\\expensify-app\\src\\tests\\fixtures\\expenses.js": {"path":"C:\\Users\\sachi\\Documents\\UI Projects\\expensify-app\\src\\tests\\fixtures\\expenses.js","statementMap":{},"fnMap":{},"branchMap":{},"s":{},"f":{},"b":{},"_coverageSchema":"1a1c01bbd47fc00a2c39e90264f33305004495a9","hash":"65208ad1b492b208b6c77f8fd339e7a59bce69a6"}
,"C:\\Users\\sachi\\Documents\\UI Projects\\expensify-app\\src\\tests\\fixtures\\filters.js": {"path":"C:\\Users\\sachi\\Documents\\UI Projects\\expensify-app\\src\\tests\\fixtures\\filters.js","statementMap":{"0":{"start":{"line":3,"column":16},"end":{"line":8,"column":1}},"1":{"start":{"line":10,"column":19},"end":{"line":15,"column":1}}},"fnMap":{},"branchMap":{},"s":{"0":1,"1":1},"f":{},"b":{},"_coverageSchema":"1a1c01bbd47fc00a2c39e90264f33305004495a9","hash":"658bd1eefd684bb9a13a9c918788e9d6a94ae5c2"}
}
